INFO 2023-04-24 21:15:40,425 "GET / HTTP/1.1" 302 0
INFO 2023-04-24 21:15:40,514 "GET /accounts/login/?next=/ HTTP/1.1" 200 3983
INFO 2023-04-24 21:15:40,594 "GET /static/plugins/fontawesome-free/css/all.min.css HTTP/1.1" 200 58578
INFO 2023-04-24 21:15:40,598 "GET /static/plugins/overlayScrollbars/css/OverlayScrollbars.min.css HTTP/1.1" 200 19724
INFO 2023-04-24 21:15:40,598 "GET /static/plugins/toastr/toastr.min.css HTTP/1.1" 200 6454
INFO 2023-04-24 21:15:40,610 "GET /static/dist/css/login-page.css HTTP/1.1" 200 8610
INFO 2023-04-24 21:15:40,613 "GET /static/dist/css/adminlte.min.css HTTP/1.1" 200 686707
INFO 2023-04-24 21:15:40,648 "GET /static/plugins/jquery/jquery.min.js HTTP/1.1" 200 88145
INFO 2023-04-24 21:15:40,654 "GET /static/dist/js/jquery.formset.js HTTP/1.1" 200 13632
INFO 2023-04-24 21:15:40,658 "GET /static/plugins/bootstrap/js/bootstrap.bundle.min.js HTTP/1.1" 200 80698
INFO 2023-04-24 21:15:40,662 "GET /static/plugins/toastr/toastr.min.js HTTP/1.1" 200 5251
INFO 2023-04-24 21:15:40,668 "GET /static/plugins/overlayScrollbars/js/jquery.overlayScrollbars.min.js HTTP/1.1" 200 42383
INFO 2023-04-24 21:15:40,671 "GET /static/dist/js/adminlte.js HTTP/1.1" 200 57530
INFO 2023-04-24 21:15:40,675 "GET /static/dist/js/demo.js HTTP/1.1" 200 12616
INFO 2023-04-24 21:15:40,681 "GET /static/dist/img/login.png HTTP/1.1" 200 144918
INFO 2023-04-24 21:15:42,192 "GET /static/plugins/fontawesome-free/webfonts/fa-solid-900.woff2 HTTP/1.1" 200 79444
WARNING 2023-04-24 21:15:42,404 Not Found: /favicon.ico
WARNING 2023-04-24 21:15:42,412 "GET /favicon.ico HTTP/1.1" 404 6117
INFO 2023-04-25 14:55:51,769 "GET / HTTP/1.1" 302 0
INFO 2023-04-25 14:55:51,828 "GET /accounts/login/?next=/ HTTP/1.1" 200 3983
INFO 2023-04-25 14:55:51,900 "GET /static/plugins/fontawesome-free/css/all.min.css HTTP/1.1" 304 0
INFO 2023-04-25 14:55:51,906 "GET /static/plugins/toastr/toastr.min.css HTTP/1.1" 304 0
INFO 2023-04-25 14:55:51,911 "GET /static/plugins/overlayScrollbars/css/OverlayScrollbars.min.css HTTP/1.1" 304 0
INFO 2023-04-25 14:55:51,915 "GET /static/dist/css/adminlte.min.css HTTP/1.1" 304 0
INFO 2023-04-25 14:55:51,917 "GET /static/dist/css/login-page.css HTTP/1.1" 304 0
INFO 2023-04-25 14:55:51,933 "GET /static/plugins/jquery/jquery.min.js HTTP/1.1" 304 0
INFO 2023-04-25 14:55:51,941 "GET /static/dist/js/jquery.formset.js HTTP/1.1" 304 0
INFO 2023-04-25 14:55:51,945 "GET /static/plugins/bootstrap/js/bootstrap.bundle.min.js HTTP/1.1" 304 0
INFO 2023-04-25 14:55:51,949 "GET /static/plugins/toastr/toastr.min.js HTTP/1.1" 304 0
INFO 2023-04-25 14:55:51,951 "GET /static/plugins/overlayScrollbars/js/jquery.overlayScrollbars.min.js HTTP/1.1" 304 0
INFO 2023-04-25 14:55:51,955 "GET /static/dist/js/adminlte.js HTTP/1.1" 304 0
INFO 2023-04-25 14:55:51,957 "GET /static/dist/js/demo.js HTTP/1.1" 304 0
INFO 2023-04-25 14:55:51,961 "GET /static/dist/img/login.png HTTP/1.1" 304 0
INFO 2023-04-25 14:55:52,174 "GET /static/plugins/fontawesome-free/webfonts/fa-solid-900.woff2 HTTP/1.1" 304 0
INFO 2023-04-25 14:56:08,441 "GET /static/plugins/toastr/toastr.js.map HTTP/1.1" 200 25633
INFO 2023-04-25 14:56:08,444 "GET /static/plugins/bootstrap/js/bootstrap.bundle.min.js.map HTTP/1.1" 200 318045
INFO 2023-04-25 14:56:08,451 "GET /static/dist/js/adminlte.js.map HTTP/1.1" 200 113276
INFO 2023-04-25 14:56:08,479 "GET /static/dist/css/adminlte.min.css.map HTTP/1.1" 200 2149167
INFO 2023-04-25 15:00:15,172 "GET / HTTP/1.1" 302 0
INFO 2023-04-25 15:00:15,223 "GET /accounts/login/?next=/ HTTP/1.1" 200 3981
INFO 2023-04-25 15:42:32,287 "GET / HTTP/1.1" 302 0
INFO 2023-04-25 15:42:32,353 "GET /accounts/login/?next=/ HTTP/1.1" 200 3981
INFO 2023-04-25 15:42:41,704 "POST /accounts/login/ HTTP/1.1" 200 4106
INFO 2023-04-25 15:43:40,335 "GET / HTTP/1.1" 302 0
INFO 2023-04-25 15:43:40,383 "GET /accounts/login/?next=/ HTTP/1.1" 200 3981
INFO 2023-04-25 15:43:48,177 "POST /accounts/login/ HTTP/1.1" 302 0
INFO 2023-04-25 15:43:48,229 "GET / HTTP/1.1" 200 9289
INFO 2023-04-25 15:43:48,277 "GET /static/plugins/Datatables/datatables.min.css HTTP/1.1" 200 25780
INFO 2023-04-25 15:43:48,294 "GET /static/plugins/Datatables/datatables.min.js HTTP/1.1" 200 2042446
INFO 2023-04-25 15:43:48,426 "GET /static/plugins/fontawesome-free/webfonts/fa-regular-400.woff2 HTTP/1.1" 200 13584
INFO 2023-04-25 15:43:51,709 "GET /student/list HTTP/1.1" 200 9945
INFO 2023-04-25 15:44:30,708 "GET /accounts/logout/ HTTP/1.1" 302 0
INFO 2023-04-25 15:44:30,743 "GET / HTTP/1.1" 302 0
INFO 2023-04-25 15:44:30,782 "GET /accounts/login/?next=/ HTTP/1.1" 200 3981
INFO 2023-04-25 15:53:03,280 "GET / HTTP/1.1" 302 0
INFO 2023-04-25 15:53:03,330 "GET /accounts/login/?next=/ HTTP/1.1" 200 3981
INFO 2023-04-25 15:53:55,946 "POST /accounts/login/ HTTP/1.1" 200 4106
INFO 2023-04-25 16:01:25,461 "GET / HTTP/1.1" 302 0
INFO 2023-04-25 16:01:25,508 "GET /accounts/login/?next=/ HTTP/1.1" 200 3981
INFO 2023-04-25 16:04:46,411 "GET / HTTP/1.1" 302 0
INFO 2023-04-25 16:04:46,471 "GET /accounts/login/?next=/ HTTP/1.1" 200 3981
INFO 2023-04-25 16:04:58,192 "POST /accounts/login/ HTTP/1.1" 302 0
INFO 2023-04-25 16:04:58,250 "GET / HTTP/1.1" 200 9289
INFO 2023-04-25 16:05:04,459 "GET /student/list HTTP/1.1" 200 9945
INFO 2023-04-25 16:05:06,723 "GET /staff/list/ HTTP/1.1" 200 9686
INFO 2023-04-25 16:05:08,427 "GET /finance/list/ HTTP/1.1" 200 9924
